Generated at 2018-11-04 12:54:14 +0000
Net::HTTPFatalError: 500 "Internal Server Error"
/opt/chef/embedded/lib/ruby/2.5.0/net/http/response.rb:122:in `error!'
/opt/chef/embedded/lib/ruby/gems/2.5.0/gems/chef-14.6.47/lib/chef/http.rb:152:in `request'
/opt/chef/embedded/lib/ruby/gems/2.5.0/gems/chef-14.6.47/lib/chef/http.rb:131:in `post'
/opt/chef/embedded/lib/ruby/gems/2.5.0/gems/chef-14.6.47/lib/chef/node.rb:623:in `create'
/opt/chef/embedded/lib/ruby/gems/2.5.0/gems/chef-14.6.47/lib/chef/node.rb:581:in `rescue in find_or_create'
/opt/chef/embedded/lib/ruby/gems/2.5.0/gems/chef-14.6.47/lib/chef/node.rb:576:in `find_or_create'
/opt/chef/embedded/lib/ruby/gems/2.5.0/gems/chef-14.6.47/lib/chef/policy_builder/dynamic.rb:72:in `load_node'
/opt/chef/embedded/lib/ruby/gems/2.5.0/gems/chef-14.6.47/lib/chef/client.rb:472:in `load_node'
/opt/chef/embedded/lib/ruby/gems/2.5.0/gems/chef-14.6.47/lib/chef/client.rb:267:in `run'
/opt/chef/embedded/lib/ruby/gems/2.5.0/gems/chef-14.6.47/lib/chef/application.rb:303:in `run_with_graceful_exit_option'
/opt/chef/embedded/lib/ruby/gems/2.5.0/gems/chef-14.6.47/lib/chef/application.rb:279:in `block in run_chef_client'
/opt/chef/embedded/lib/ruby/gems/2.5.0/gems/chef-14.6.47/lib/chef/local_mode.rb:44:in `with_server_connectivity'
/opt/chef/embedded/lib/ruby/gems/2.5.0/gems/chef-14.6.47/lib/chef/application.rb:261:in `run_chef_client'
/opt/chef/embedded/lib/ruby/gems/2.5.0/gems/chef-14.6.47/lib/chef/application/client.rb:440:in `run_application'
/opt/chef/embedded/lib/ruby/gems/2.5.0/gems/chef-14.6.47/lib/chef/application.rb:66:in `run'
/opt/chef/embedded/lib/ruby/gems/2.5.0/gems/chef-14.6.47/lib/chef/application/solo.rb:224:in `run'
/opt/chef/embedded/lib/ruby/gems/2.5.0/gems/chef-14.6.47/bin/chef-solo:24:in `<top (required)>'
/usr/bin/chef-solo:74:in `load'
/usr/bin/chef-solo:74:in `<main>'

>>>> Caused by Net::HTTPServerException: 404 "Not Found"
/opt/chef/embedded/lib/ruby/2.5.0/net/http/response.rb:122:in `error!'
/opt/chef/embedded/lib/ruby/gems/2.5.0/gems/chef-14.6.47/lib/chef/http.rb:152:in `request'
/opt/chef/embedded/lib/ruby/gems/2.5.0/gems/chef-14.6.47/lib/chef/http.rb:115:in `get'
/opt/chef/embedded/lib/ruby/gems/2.5.0/gems/chef-14.6.47/lib/chef/node.rb:593:in `load'
/opt/chef/embedded/lib/ruby/gems/2.5.0/gems/chef-14.6.47/lib/chef/node.rb:577:in `find_or_create'
/opt/chef/embedded/lib/ruby/gems/2.5.0/gems/chef-14.6.47/lib/chef/policy_builder/dynamic.rb:72:in `load_node'
/opt/chef/embedded/lib/ruby/gems/2.5.0/gems/chef-14.6.47/lib/chef/client.rb:472:in `load_node'
/opt/chef/embedded/lib/ruby/gems/2.5.0/gems/chef-14.6.47/lib/chef/client.rb:267:in `run'
/opt/chef/embedded/lib/ruby/gems/2.5.0/gems/chef-14.6.47/lib/chef/application.rb:303:in `run_with_graceful_exit_option'
/opt/chef/embedded/lib/ruby/gems/2.5.0/gems/chef-14.6.47/lib/chef/application.rb:279:in `block in run_chef_client'
/opt/chef/embedded/lib/ruby/gems/2.5.0/gems/chef-14.6.47/lib/chef/local_mode.rb:44:in `with_server_connectivity'
/opt/chef/embedded/lib/ruby/gems/2.5.0/gems/chef-14.6.47/lib/chef/application.rb:261:in `run_chef_client'
/opt/chef/embedded/lib/ruby/gems/2.5.0/gems/chef-14.6.47/lib/chef/application/client.rb:440:in `run_application'
/opt/chef/embedded/lib/ruby/gems/2.5.0/gems/chef-14.6.47/lib/chef/application.rb:66:in `run'
/opt/chef/embedded/lib/ruby/gems/2.5.0/gems/chef-14.6.47/lib/chef/application/solo.rb:224:in `run'
/opt/chef/embedded/lib/ruby/gems/2.5.0/gems/chef-14.6.47/bin/chef-solo:24:in `<top (required)>'
/usr/bin/chef-solo:74:in `load'
/usr/bin/chef-solo:74:in `<main>'